<?xml version="1.0" encoding="UTF-8"?>
<!-- Generated by org.testng.reporters.JUnitXMLReporter -->
<testsuite ignored="0" hostname="DESKTOP-BJTDP1C" failures="0" tests="3" name="Default test" time="0.081" errors="0" timestamp="2025-02-27T18:28:50 GMT">
  <testcase classname="test.BooksInventory_Login_View" name="@BeforeClass Login" time="-1.740680930705E9">
    <failure type="org.testng.TestNGException" message="
Parameter &amp;apos;URL&amp;apos; is required by BeforeClass on method Login but has not been marked @Optional or defined
in C:\Users\Watermelon\AppData\Local\Temp\testng-eclipse-2044669691\testng-customsuite.xml">
      <![CDATA[org.testng.TestNGException: 
Parameter 'URL' is required by BeforeClass on method Login but has not been marked @Optional or defined
in C:\Users\Watermelon\AppData\Local\Temp\testng-eclipse-2044669691\testng-customsuite.xml
at org.testng.internal.Parameters.createParams(Parameters.java:270)
at org.testng.internal.Parameters.createParametersForMethod(Parameters.java:358)
at org.testng.internal.Parameters.createParameters(Parameters.java:700)
at org.testng.internal.Parameters.createConfigurationParameters(Parameters.java:168)
at org.testng.internal.ConfigInvoker.invokeConfigurations(ConfigInvoker.java:302)
at org.testng.internal.TestMethodWorker.invokeBeforeClassMethods(TestMethodWorker.java:176)
at org.testng.internal.TestMethodWorker.run(TestMethodWorker.java:122)
at java.base/java.util.ArrayList.forEach(ArrayList.java:1596)
at org.testng.TestRunner.privateRun(TestRunner.java:794)
at org.testng.TestRunner.run(TestRunner.java:596)
at org.testng.SuiteRunner.runTest(SuiteRunner.java:377)
at org.testng.SuiteRunner.runSequentially(SuiteRunner.java:371)
at org.testng.SuiteRunner.privateRun(SuiteRunner.java:332)
at org.testng.SuiteRunner.run(SuiteRunner.java:276)
at org.testng.SuiteRunnerWorker.runSuite(SuiteRunnerWorker.java:53)
at org.testng.SuiteRunnerWorker.run(SuiteRunnerWorker.java:96)
at org.testng.TestNG.runSuitesSequentially(TestNG.java:1212)
at org.testng.TestNG.runSuitesLocally(TestNG.java:1134)
at org.testng.TestNG.runSuites(TestNG.java:1063)
at org.testng.TestNG.run(TestNG.java:1031)
at org.testng.remote.AbstractRemoteTestNG.run(AbstractRemoteTestNG.java:115)
at org.testng.remote.RemoteTestNG.initAndRun(RemoteTestNG.java:293)
at org.testng.remote.RemoteTestNG.main(RemoteTestNG.java:91)
]]>
    </failure>
  </testcase> <!-- @BeforeClass Login -->
  <testcase classname="test.BooksInventory_Login_View" name="AddBook" time="0.0">
    <skipped/>
  </testcase> <!-- AddBook -->
  <testcase classname="test.BooksInventory_Login_View" name="ConfirmWelcomeMessageAndLogoutButton" time="0.0">
    <skipped/>
  </testcase> <!-- ConfirmWelcomeMessageAndLogoutButton -->
  <testcase classname="test.BooksInventory_Login_View" name="ViewRecords" time="0.0">
    <skipped/>
  </testcase> <!-- ViewRecords -->
</testsuite> <!-- Default test -->
